2023-06-30 12:18:01,408  INFO [main] Neckermann:48 - Browser is opened
2023-06-30 12:18:01,546  INFO [main] Neckermann:52 - Browser is maximized
2023-06-30 12:18:06,736  INFO [main] Neckermann:55 - URL is opened
2023-06-30 12:18:06,865  INFO [main] Neckermann:63 - cookie policy accepted
2023-06-30 12:18:06,916  INFO [main] Neckermann:108 - Home page is open
2023-06-30 12:18:11,388  INFO [main] Neckermann:122 - click on the things to do tab
2023-06-30 12:18:58,042  INFO [main] Neckermann:48 - Browser is opened
2023-06-30 12:18:58,174  INFO [main] Neckermann:52 - Browser is maximized
2023-06-30 12:19:01,204  INFO [main] Neckermann:55 - URL is opened
2023-06-30 12:19:01,352  INFO [main] Neckermann:63 - cookie policy accepted
2023-06-30 12:19:01,380  INFO [main] Neckermann:150 - Home page is open
2023-06-30 12:19:05,742  INFO [main] Neckermann:164 - click on the things to do tab
2023-06-30 12:20:22,344  INFO [main] Neckermann:48 - Browser is opened
2023-06-30 12:20:22,477  INFO [main] Neckermann:52 - Browser is maximized
2023-06-30 12:20:26,497  INFO [main] Neckermann:55 - URL is opened
2023-06-30 12:20:26,606  INFO [main] Neckermann:63 - cookie policy accepted
2023-06-30 12:20:26,645  INFO [main] Neckermann:150 - Home page is open
2023-06-30 12:20:31,055  INFO [main] Neckermann:164 - click on the things to do tab
2023-06-30 12:20:37,058  INFO [main] Neckermann:48 - Browser is opened
2023-06-30 12:20:37,200  INFO [main] Neckermann:52 - Browser is maximized
2023-06-30 12:20:42,220  INFO [main] Neckermann:55 - URL is opened
2023-06-30 12:20:42,337  INFO [main] Neckermann:63 - cookie policy accepted
2023-06-30 12:20:42,370  INFO [main] Neckermann:232 - Home page is open
2023-06-30 12:20:46,588  INFO [main] Neckermann:246 - click on the things to do tab
2023-06-30 12:20:52,532  INFO [main] Neckermann:48 - Browser is opened
2023-06-30 12:20:52,661  INFO [main] Neckermann:52 - Browser is maximized
2023-06-30 12:21:02,913  INFO [main] Neckermann:55 - URL is opened
2023-06-30 12:21:03,004  INFO [main] Neckermann:63 - cookie policy accepted
2023-06-30 12:21:03,033  INFO [main] Neckermann:273 - Home page is open
2023-06-30 12:21:05,268  INFO [main] Neckermann:287 - click on the things to do tab
2023-06-30 12:33:04,861  INFO [main] Neckermann:48 - Browser is opened
2023-06-30 12:33:04,994  INFO [main] Neckermann:52 - Browser is maximized
2023-06-30 12:33:06,911  INFO [main] Neckermann:55 - URL is opened
2023-06-30 12:33:07,031  INFO [main] Neckermann:63 - cookie policy accepted
2023-06-30 12:33:07,056  INFO [main] Neckermann:273 - Home page is open
2023-06-30 12:33:09,327  INFO [main] Neckermann:287 - click on the things to do tab
2023-06-30 12:33:10,973  INFO [main] Neckermann:299 - see all button is clicked
2023-06-30 12:45:48,335  INFO [main] Neckermann:48 - Browser is opened
2023-06-30 12:45:48,457  INFO [main] Neckermann:52 - Browser is maximized
2023-06-30 12:45:52,272  INFO [main] Neckermann:55 - URL is opened
2023-06-30 12:45:52,378  INFO [main] Neckermann:63 - cookie policy accepted
2023-06-30 12:45:52,410  INFO [main] Neckermann:311 - Home page is open
2023-06-30 12:45:54,698  INFO [main] Neckermann:325 - click on the things to do tab
2023-06-30 12:45:56,434  INFO [main] Neckermann:337 - see all button is clicked
2023-06-30 12:53:09,323  INFO [main] Neckermann:48 - Browser is opened
2023-06-30 12:53:09,450  INFO [main] Neckermann:52 - Browser is maximized
2023-06-30 12:53:11,058  INFO [main] Neckermann:55 - URL is opened
2023-06-30 12:53:11,195  INFO [main] Neckermann:63 - cookie policy accepted
2023-06-30 12:53:11,214  INFO [main] Neckermann:348 - Home page is open
2023-06-30 12:53:13,457  INFO [main] Neckermann:362 - click on the things to do tab
2023-06-30 15:03:14,613  INFO [main] Neckermann:48 - Browser is opened
2023-06-30 15:03:14,754  INFO [main] Neckermann:52 - Browser is maximized
2023-06-30 15:03:21,755  INFO [main] Neckermann:55 - URL is opened
2023-06-30 15:03:21,957  INFO [main] Neckermann:63 - cookie policy accepted
2023-06-30 15:03:21,989  INFO [main] Neckermann:23 - Home page is open
2023-06-30 15:03:26,352  INFO [main] Neckermann:37 - click on the Travel guide tab
2023-06-30 15:03:34,418  INFO [main] Neckermann:52 - link is open
2023-06-30 15:11:13,090  INFO [main] Neckermann:48 - Browser is opened
2023-06-30 15:11:13,213  INFO [main] Neckermann:52 - Browser is maximized
2023-06-30 15:11:15,400  INFO [main] Neckermann:55 - URL is opened
2023-06-30 15:11:15,785  INFO [main] Neckermann:63 - cookie policy accepted
2023-06-30 15:11:15,818  INFO [main] Neckermann:63 - Home page is open
2023-06-30 15:11:20,181  INFO [main] Neckermann:77 - click on the Travel guide tab
2023-06-30 15:11:23,875  INFO [main] Neckermann:92 - Egypt travel advice - GOV.UK link is open
2023-06-30 15:21:25,678  INFO [main] Neckermann:48 - Browser is opened
2023-06-30 15:21:25,816  INFO [main] Neckermann:52 - Browser is maximized
2023-06-30 15:21:30,344  INFO [main] Neckermann:55 - URL is opened
2023-06-30 15:21:30,504  INFO [main] Neckermann:63 - cookie policy accepted
2023-06-30 15:21:30,540  INFO [main] Neckermann:104 - Home page is open
2023-06-30 15:21:34,927  INFO [main] Neckermann:118 - click on the Travel guide tab
2023-06-30 15:23:40,235  INFO [main] Neckermann:48 - Browser is opened
2023-06-30 15:23:40,360  INFO [main] Neckermann:52 - Browser is maximized
2023-06-30 15:23:41,772  INFO [main] Neckermann:55 - URL is opened
2023-06-30 15:23:41,891  INFO [main] Neckermann:63 - cookie policy accepted
2023-06-30 15:23:41,919  INFO [main] Neckermann:104 - Home page is open
2023-06-30 15:23:46,207  INFO [main] Neckermann:118 - click on the Travel guide tab
2023-06-30 15:24:28,030  INFO [main] Neckermann:48 - Browser is opened
2023-06-30 15:24:28,171  INFO [main] Neckermann:52 - Browser is maximized
2023-06-30 15:24:30,247  INFO [main] Neckermann:55 - URL is opened
2023-06-30 15:24:30,372  INFO [main] Neckermann:63 - cookie policy accepted
2023-06-30 15:24:30,406  INFO [main] Neckermann:104 - Home page is open
2023-06-30 15:24:34,656  INFO [main] Neckermann:118 - click on the Travel guide tab
2023-06-30 15:35:40,967  INFO [main] Neckermann:48 - Browser is opened
2023-06-30 15:35:41,092  INFO [main] Neckermann:52 - Browser is maximized
2023-06-30 15:35:43,219  INFO [main] Neckermann:55 - URL is opened
2023-06-30 15:35:43,513  INFO [main] Neckermann:63 - cookie policy accepted
2023-06-30 15:35:43,551  INFO [main] Neckermann:104 - Home page is open
2023-06-30 15:35:47,829  INFO [main] Neckermann:118 - click on the Travel guide tab
2023-06-30 15:39:10,251  INFO [main] Neckermann:48 - Browser is opened
2023-06-30 15:39:10,384  INFO [main] Neckermann:52 - Browser is maximized
2023-06-30 15:39:11,896  INFO [main] Neckermann:55 - URL is opened
2023-06-30 15:39:12,097  INFO [main] Neckermann:63 - cookie policy accepted
2023-06-30 15:39:12,118  INFO [main] Neckermann:104 - Home page is open
2023-06-30 15:39:16,418  INFO [main] Neckermann:118 - click on the Travel guide tab
2023-06-30 15:40:32,928  INFO [main] Neckermann:48 - Browser is opened
2023-06-30 15:40:33,055  INFO [main] Neckermann:52 - Browser is maximized
2023-06-30 15:40:36,717  INFO [main] Neckermann:55 - URL is opened
2023-06-30 15:40:36,852  INFO [main] Neckermann:63 - cookie policy accepted
2023-06-30 15:40:36,881  INFO [main] Neckermann:104 - Home page is open
2023-06-30 15:40:41,260  INFO [main] Neckermann:118 - click on the Travel guide tab
2023-06-30 15:41:47,972  INFO [main] Neckermann:48 - Browser is opened
2023-06-30 15:41:48,104  INFO [main] Neckermann:52 - Browser is maximized
2023-06-30 15:41:51,250  INFO [main] Neckermann:55 - URL is opened
2023-06-30 15:41:51,355  INFO [main] Neckermann:63 - cookie policy accepted
2023-06-30 15:41:51,391  INFO [main] Neckermann:104 - Home page is open
2023-06-30 15:41:55,682  INFO [main] Neckermann:118 - click on the Travel guide tab
2023-06-30 15:43:19,443  INFO [main] Neckermann:48 - Browser is opened
2023-06-30 15:43:19,585  INFO [main] Neckermann:52 - Browser is maximized
2023-06-30 15:43:21,710  INFO [main] Neckermann:55 - URL is opened
2023-06-30 15:43:21,834  INFO [main] Neckermann:63 - cookie policy accepted
2023-06-30 15:43:21,861  INFO [main] Neckermann:104 - Home page is open
2023-06-30 15:43:26,139  INFO [main] Neckermann:118 - click on the Travel guide tab
2023-06-30 15:43:58,029  INFO [main] Neckermann:48 - Browser is opened
2023-06-30 15:43:58,159  INFO [main] Neckermann:52 - Browser is maximized
2023-06-30 15:43:59,631  INFO [main] Neckermann:55 - URL is opened
2023-06-30 15:43:59,745  INFO [main] Neckermann:63 - cookie policy accepted
2023-06-30 15:43:59,769  INFO [main] Neckermann:104 - Home page is open
2023-06-30 15:44:04,020  INFO [main] Neckermann:118 - click on the Travel guide tab
2023-06-30 15:45:00,163  INFO [main] Neckermann:48 - Browser is opened
2023-06-30 15:45:00,301  INFO [main] Neckermann:52 - Browser is maximized
2023-06-30 15:45:04,539  INFO [main] Neckermann:55 - URL is opened
2023-06-30 15:45:04,654  INFO [main] Neckermann:63 - cookie policy accepted
2023-06-30 15:45:04,684  INFO [main] Neckermann:104 - Home page is open
2023-06-30 15:45:08,990  INFO [main] Neckermann:118 - click on the Travel guide tab
2023-06-30 15:49:16,371  INFO [main] Neckermann:48 - Browser is opened
2023-06-30 15:49:16,514  INFO [main] Neckermann:52 - Browser is maximized
2023-06-30 15:49:18,198  INFO [main] Neckermann:55 - URL is opened
2023-06-30 15:49:18,293  INFO [main] Neckermann:63 - cookie policy accepted
2023-06-30 15:49:18,313  INFO [main] Neckermann:104 - Home page is open
2023-06-30 15:49:22,556  INFO [main] Neckermann:118 - click on the Travel guide tab
2023-06-30 15:50:41,785  INFO [main] Neckermann:48 - Browser is opened
2023-06-30 15:50:41,923  INFO [main] Neckermann:52 - Browser is maximized
2023-06-30 15:50:51,767  INFO [main] Neckermann:55 - URL is opened
2023-06-30 15:50:51,975  INFO [main] Neckermann:63 - cookie policy accepted
2023-06-30 15:50:52,008  INFO [main] Neckermann:104 - Home page is open
2023-06-30 15:50:56,412  INFO [main] Neckermann:118 - click on the Travel guide tab
2023-06-30 15:51:44,804  INFO [main] Neckermann:48 - Browser is opened
2023-06-30 15:51:44,930  INFO [main] Neckermann:52 - Browser is maximized
2023-06-30 15:51:49,746  INFO [main] Neckermann:55 - URL is opened
2023-06-30 15:51:49,913  INFO [main] Neckermann:63 - cookie policy accepted
2023-06-30 15:51:49,941  INFO [main] Neckermann:104 - Home page is open
2023-06-30 15:51:54,340  INFO [main] Neckermann:118 - click on the Travel guide tab
2023-06-30 15:59:47,455  INFO [main] Neckermann:48 - Browser is opened
2023-06-30 15:59:47,592  INFO [main] Neckermann:52 - Browser is maximized
2023-06-30 15:59:52,750  INFO [main] Neckermann:55 - URL is opened
2023-06-30 15:59:52,922  INFO [main] Neckermann:63 - cookie policy accepted
2023-06-30 15:59:52,943  INFO [main] Neckermann:200 - Home page is open
2023-06-30 15:59:57,392  INFO [main] Neckermann:214 - click on the Travel guide tab
2023-06-30 16:00:37,553  INFO [main] Neckermann:48 - Browser is opened
2023-06-30 16:00:37,690  INFO [main] Neckermann:52 - Browser is maximized
2023-06-30 16:00:41,811  INFO [main] Neckermann:55 - URL is opened
2023-06-30 16:00:41,932  INFO [main] Neckermann:63 - cookie policy accepted
2023-06-30 16:00:41,962  INFO [main] Neckermann:200 - Home page is open
2023-06-30 16:00:46,209  INFO [main] Neckermann:214 - click on the Travel guide tab
2023-06-30 16:00:51,237  INFO [main] Neckermann:229 - FCDO link is open
